<?xml version="1.0" encoding="UTF-8"?>
<!-- Generated by org.testng.reporters.JUnitReportReporter -->
<testsuite skipped="0" hostname="IBM-Testing01" name="Alert.NewTest" tests="1" failures="0" timestamp="27 Dec 2019 11:08:37 GMT" time="3.972" errors="0">
  <testcase name="Alertmsg" time="3.972" classname="Alert.NewTest"/>
</testsuite> <!-- Alert.NewTest -->
